Command line setting: FileID = 1000

DataSource = 
FileID = 1000
JobGUID = 

------------ Starting process (10340) -----------------
Script:             
Computer Name:      FLEXAPP
RAM:                8 GB (2 GB available)
Operating System:   Microsoft Windows Server 2019 Essentials
Logged in user:     FLEXDEMO\Administrator
----------------- 01.07.2024 09:36 --------------------

Command line setting: FileID = 1000

DataSource = 
FileID = 1000
JobGUID = 

------------ Starting process (10340) -----------------
Script:             
Computer Name:      FLEXAPP
RAM:                8 GB (3 GB available)
Operating System:   Microsoft Windows Server 2019 Essentials
Logged in user:     FLEXDEMO\Administrator
----------------- 01.07.2024 10:08 --------------------

Command line setting: FileID = 1000

DataSource = 
FileID = 1000
JobGUID = 

------------ Starting process (10340) -----------------
Script:             
Computer Name:      FLEXAPP
RAM:                8 GB (3 GB available)
Operating System:   Microsoft Windows Server 2019 Essentials
Logged in user:     FLEXDEMO\Administrator
----------------- 01.07.2024 10:10 --------------------

Command line setting: FileID = 1000

DataSource = 
FileID = 1000
JobGUID = 

------------ Starting process (10340) -----------------
Script:             
Computer Name:      FLEXAPP
RAM:                8 GB (3 GB available)
Operating System:   Microsoft Windows Server 2019 Essentials
Logged in user:     FLEXDEMO\Administrator
----------------- 01.07.2024 10:14 --------------------

Command line setting: FileID = 1000

DataSource = 
FileID = 1000
JobGUID = 

------------ Starting process (10340) -----------------
Script:             
Computer Name:      FLEXAPP
RAM:                8 GB (3 GB available)
Operating System:   Microsoft Windows Server 2019 Essentials
Logged in user:     FLEXDEMO\Administrator
----------------- 01.07.2024 10:16 --------------------

Command line setting: FileID = 1000

DataSource = 
FileID = 1000
JobGUID = 

------------ Starting process (10340) -----------------
Script:             
Computer Name:      FLEXAPP
RAM:                8 GB (3 GB available)
Operating System:   Microsoft Windows Server 2019 Essentials
Logged in user:     FLEXDEMO\Administrator
----------------- 01.07.2024 10:17 --------------------

Command line setting: FileID = 1000

DataSource = 
FileID = 1000
JobGUID = 

------------ Starting process (10340) -----------------
Script:             
Computer Name:      FLEXAPP
RAM:                8 GB (3 GB available)
Operating System:   Microsoft Windows Server 2019 Essentials
Logged in user:     FLEXDEMO\Administrator
----------------- 01.07.2024 10:19 --------------------

Command line setting: FileID = 1000
------------ Starting process (10340) -----------------
Script:             
Computer Name:      FLEXAPP
RAM:                8 GB (3 GB available)
Operating System:   Microsoft Windows Server 2019 Essentials
Logged in user:     FLEXDEMO\Administrator
----------------- 01.07.2024 10:19 --------------------

Command line setting: FileID = 1000
------------ Starting process (10340) -----------------
Script:             
Computer Name:      FLEXAPP
RAM:                8 GB (2 GB available)
Operating System:   Microsoft Windows Server 2019 Essentials
Logged in user:     FLEXDEMO\Administrator
----------------- 01.07.2024 12:59 --------------------

Command line setting: FileID = 1000 GUID=17045ea8-4067-471e-90f8-e4e44915876c
------------ Starting process (10340) -----------------
Script:             
Computer Name:      FLEXAPP
RAM:                8 GB (2 GB available)
Operating System:   Microsoft Windows Server 2019 Essentials
Logged in user:     FLEXDEMO\Administrator
----------------- 01.07.2024 01:00 --------------------

Command line setting: FileID = 1000 GUID=17045ea8-4067-471e-90f8-e4e44915876c
------------ Starting process (10340) -----------------
Script:             
Computer Name:      FLEXAPP
RAM:                8 GB (2 GB available)
Operating System:   Microsoft Windows Server 2019 Essentials
Logged in user:     FLEXDEMO\Administrator
----------------- 01.07.2024 01:01 --------------------

Command line setting: FileID = 1000 JobGUID=17045ea8-4067-471e-90f8-e4e44915876c
------------ Starting process (10340) -----------------
Script:             
Computer Name:      FLEXAPP
RAM:                8 GB (2 GB available)
Operating System:   Microsoft Windows Server 2019 Essentials
Logged in user:     FLEXDEMO\Administrator
----------------- 01.07.2024 01:06 --------------------

Command line setting: FileID = 1000 JobGUID=17045ea8-4067-471e-90f8-e4e44915876c
------------ Starting process (10340) -----------------
Script:             
Computer Name:      FLEXAPP
RAM:                8 GB (2 GB available)
Operating System:   Microsoft Windows Server 2019 Essentials
Logged in user:     FLEXDEMO\Administrator
----------------- 01.07.2024 01:07 --------------------

Command line setting: FileID = 1000 JobGUID=17045ea8-4067-471e-90f8-e4e44915876c

DataSource = 
FileID = 1000 JobGUID=17045ea8-4067-471e-90f8-e4e44915876c
JobGUID = 

------------ Starting process (10340) -----------------
Script:             
Computer Name:      FLEXAPP
RAM:                8 GB (2 GB available)
Operating System:   Microsoft Windows Server 2019 Essentials
Logged in user:     FLEXDEMO\Administrator
----------------- 01.07.2024 01:08 --------------------

Command line setting: FileID = 1000
Command line setting: JobGUID = 17045ea8-4067-471e-90f8-e4e44915876c

DataSource = 
FileID = 1000
JobGUID = 17045ea8-4067-471e-90f8-e4e44915876c

------------ Starting process (10340) -----------------
Script:             
Computer Name:      FLEXAPP
RAM:                8 GB (2 GB available)
Operating System:   Microsoft Windows Server 2019 Essentials
Logged in user:     FLEXDEMO\Administrator
----------------- 01.07.2024 01:10 --------------------

Command line setting: FileID = 1000
Command line setting: JobGUID = 17045ea8-4067-471e-90f8-e4e44915876c
------------ Starting process (10340) -----------------
Script:             
Computer Name:      FLEXAPP
RAM:                8 GB (2 GB available)
Operating System:   Microsoft Windows Server 2019 Essentials
Logged in user:     FLEXDEMO\Administrator
----------------- 01.07.2024 01:16 --------------------

Command line setting: FileID = 1000
Command line setting: JobGUID = 17045ea8-4067-471e-90f8-e4e44915876c
------------ Starting process (10340) -----------------
Script:             
Computer Name:      FLEXAPP
RAM:                8 GB (2 GB available)
Operating System:   Microsoft Windows Server 2019 Essentials
Logged in user:     FLEXDEMO\Administrator
----------------- 01.07.2024 01:18 --------------------

Command line setting: FileID = 1000
Command line setting: JobGUID = 17045ea8-4067-471e-90f8-e4e44915876c
------------ Starting process (10340) -----------------
Script:             
Computer Name:      FLEXAPP
RAM:                8 GB (2 GB available)
Operating System:   Microsoft Windows Server 2019 Essentials
Logged in user:     FLEXDEMO\Administrator
----------------- 01.07.2024 01:19 --------------------

Command line setting: FileID = 1000
Command line setting: JobGUID = 17045ea8-4067-471e-90f8-e4e44915876c
------------ Starting process (10340) -----------------
Script:             
Computer Name:      FLEXAPP
RAM:                8 GB (2 GB available)
Operating System:   Microsoft Windows Server 2019 Essentials
Logged in user:     FLEXDEMO\Administrator
----------------- 01.07.2024 01:22 --------------------

Command line setting: FileID = 1000
Command line setting: JobGUID = 17045ea8-4067-471e-90f8-e4e44915876c
------------ Starting process (10340) -----------------
Script:             
Computer Name:      FLEXAPP
RAM:                8 GB (2 GB available)
Operating System:   Microsoft Windows Server 2019 Essentials
Logged in user:     FLEXDEMO\Administrator
----------------- 01.07.2024 01:24 --------------------

Command line setting: FileID = 1000
Command line setting: JobGUID = 17045ea8-4067-471e-90f8-e4e44915876c
------------ Starting process (10340) -----------------
Script:             
Computer Name:      FLEXAPP
RAM:                8 GB (2 GB available)
Operating System:   Microsoft Windows Server 2019 Essentials
Logged in user:     FLEXDEMO\Administrator
----------------- 01.07.2024 01:25 --------------------

Command line setting: FileID = 1000
Command line setting: JobGUID = 17045ea8-4067-471e-90f8-e4e44915876c
------------ Starting process (10340) -----------------
Script:             
Computer Name:      FLEXAPP
RAM:                8 GB (2 GB available)
Operating System:   Microsoft Windows Server 2019 Essentials
Logged in user:     FLEXDEMO\Administrator
----------------- 01.07.2024 01:26 --------------------

Command line setting: FileID = 1000
Command line setting: JobGUID = 17045ea8-4067-471e-90f8-e4e44915876c
------------ Starting process (10340) -----------------
Script:             
Computer Name:      FLEXAPP
RAM:                8 GB (2 GB available)
Operating System:   Microsoft Windows Server 2019 Essentials
Logged in user:     FLEXDEMO\Administrator
----------------- 01.07.2024 01:27 --------------------

Command line setting: FileID = 1000
Command line setting: JobGUID = 17045ea8-4067-471e-90f8-e4e44915876c
Runtime = 00:00:00.0227932

------------ Starting process (10340) -----------------
Script:             
Computer Name:      FLEXAPP
RAM:                8 GB (2 GB available)
Operating System:   Microsoft Windows Server 2019 Essentials
Logged in user:     FLEXDEMO\Administrator
----------------- 01.07.2024 01:27 --------------------

Command line setting: FileID = 1000
Command line setting: JobGUID = 17045ea8-4067-471e-90f8-e4e44915876c

Runtime = 00:00:00.0265390

