2024-05-29 16:28:27 This is bbadmin.ps1
2024-05-29 16:28:27 Computer: KOLORA
2024-05-29 16:28:27 User: TOYWORLDS\trevorh
2024-05-29 16:28:27 Running with local administrator rights? YES
2024-05-29 16:28:27 Settings file: C:\BlackBox\ImplFiles\blackbox.settings

2024-05-29 16:28:27 [Info   ] ============================================================
2024-05-29 16:28:27 [Info   ] Execute target 'ConfigureWebSite'
2024-05-29 16:28:27 [Info   ] 
2024-05-29 16:28:28 [Info   ] 
2024-05-29 16:28:28 [Info   ] Executing step 1 (call ConfigureWebSite)
2024-05-29 16:28:28 [Info   ] Configure IIS WebSite: Default Web Site
2024-05-29 16:28:28 [Info   ] Configure WebSite for WebApp: BlackBox
2024-05-29 16:28:28 [Info   ]  @ location C:\BlackBox\WebSite
2024-05-29 16:28:28 [Info   ] 
2024-05-29 16:28:33 [Info   ] AppPool AppPoolBlackBox already exists
2024-05-29 16:28:33 [Info   ] Configuring AppPool: AppPoolBlackBox
2024-05-29 16:28:33 [Info   ]  @ location IIS:\AppPools\AppPoolBlackBox
2024-05-29 16:28:33 [Info   ]  with
2024-05-29 16:28:33 [Info   ]    managedRuntimeVersion = 'v4.0'
2024-05-29 16:28:34 [Info   ]    managedPipeLineMode = 'Integrated'
2024-05-29 16:28:35 [Info   ]    enable32BitAppOnWin64 = 'true'
2024-05-29 16:28:36 [Info   ]    autoStart = 'true'
2024-05-29 16:28:37 [Info   ]    processmodel.identityType = '3'
2024-05-29 16:28:38 [Info   ]    processmodel.userName = 'TOYWORLDS\svc-blackbox'
2024-05-29 16:28:39 [Info   ]    processmodel.password = *****
2024-05-29 16:28:40 [Info   ] 
2024-05-29 16:28:40 [Info   ] Recreate WebApplication Configure BlackBox
2024-05-29 16:28:40 [Info   ]  @ location C:\BlackBox\WebSite
2024-05-29 16:28:40 [Info   ]  with
2024-05-29 16:28:40 [Info   ]    ApplicationPool = 'AppPoolBlackBox'
2024-05-29 16:28:40 [Info   ] 
2024-05-29 16:28:40 [Info   ] Set web site properties
2024-05-29 16:28:40 [Info   ] 
2024-05-29 16:28:40 [Info   ] Set web app properties
2024-05-29 16:28:41 [Info   ] 
2024-05-29 16:28:41 [Info   ] Configure virtual directories
2024-05-29 16:28:41 [Info   ] .with
2024-05-29 16:28:41 [Info   ] ...Adapters = 'C:\ProgramData\Crayon\BlackBox\Adapters\'
2024-05-29 16:28:41 [Info   ] ...Archives = 'C:\ProgramData\Crayon\BlackBox\Archives\'
2024-05-29 16:28:41 [Info   ] ...Content = 'C:\ProgramData\Crayon\BlackBox\Content\'
2024-05-29 16:28:41 [Info   ] ...Data = 'C:\ProgramData\Crayon\BlackBox\Data\'
2024-05-29 16:28:41 [Info   ] ...Jobs = 'C:\ProgramData\Crayon\BlackBox\Jobs\'
2024-05-29 16:28:41 [Info   ] ...Logs = 'C:\ProgramData\Crayon\BlackBox\Logs\'
2024-05-29 16:28:41 [Info   ] ...Packages = 'C:\ProgramData\Crayon\BlackBox\Packages\'
2024-05-29 16:28:41 [Info   ] ...Scripts = 'C:\ProgramData\Crayon\BlackBox\Scripts\'
2024-05-29 16:28:42 [Info   ] ...Tasks = 'C:\ProgramData\Crayon\BlackBox\Tasks\'
2024-05-29 16:28:42 [Info   ] ...Templates = 'C:\ProgramData\Crayon\BlackBox\Templates\'
2024-05-29 16:28:42 [Info   ] 
2024-05-29 16:28:42 [Info   ] Disable anonymous authentication
2024-05-29 16:28:43 [Info   ] Enable windows authentication
2024-05-29 16:28:44 [Info   ] Web site installed
2024-05-29 16:28:44 [Info   ] 
2024-05-29 16:28:44 [Info   ] Execution time: 0.00:00:16
2024-05-29 16:28:44 [Info   ] bbadmin completed successfully
2024-05-29 16:28:44 [Info   ] 
